app/build/intermediates/manifest_merge_blame_file/debug/processDebugMainManifest/manifest-merger-blame-debug-report.txt
1<?xml version="1.0" encoding="utf-8"?>
2<manifest xmlns:android="http://schemas.android.com/apk/res/android"
3    package="com.wallora.app"
4    android:versionCode="1"
5    android:versionName="1.0" >
6
7    <uses-sdk
8        android:minSdkVersion="31"
9        android:targetSdkVersion="35" />
10
11    <uses-permission android:name="android.permission.INTERNET" />
11-->src/main/AndroidManifest.xml:5:5-67
11-->src/main/AndroidManifest.xml:5:22-64
12    <uses-permission android:name="android.permission.SET_WALLPAPER" />
12-->src/main/AndroidManifest.xml:6:5-72
12-->src/main/AndroidManifest.xml:6:22-69
13    <uses-permission android:name="android.permission.RECEIVE_BOOT_COMPLETED" />
13-->src/main/AndroidManifest.xml:7:5-81
13-->src/main/AndroidManifest.xml:7:22-78
14    <uses-permission android:name="android.permission.SCHEDULE_EXACT_ALARM" />
14-->src/main/AndroidManifest.xml:8:5-79
14-->src/main/AndroidManifest.xml:8:22-76
15    <uses-permission android:name="android.permission.USE_EXACT_ALARM" />
15-->src/main/AndroidManifest.xml:9:5-74
15-->src/main/AndroidManifest.xml:9:22-71
16    <uses-permission android:name="android.permission.WAKE_LOCK" />
16-->[androidx.work:work-runtime:2.9.1] AndroidManifest.xml:23:5-68
16-->[androidx.work:work-runtime:2.9.1] AndroidManifest.xml:23:22-65
17    <uses-permission android:name="android.permission.ACCESS_NETWORK_STATE" />
17-->[androidx.work:work-runtime:2.9.1] AndroidManifest.xml:24:5-79
17-->[androidx.work:work-runtime:2.9.1] AndroidManifest.xml:24:22-76
18    <uses-permission android:name="android.permission.FOREGROUND_SERVICE" />
18-->[androidx.work:work-runtime:2.9.1] AndroidManifest.xml:26:5-77
18-->[androidx.work:work-runtime:2.9.1] AndroidManifest.xml:26:22-74
19
20    <permission
20-->[androidx.core:core:1.13.1] AndroidManifest.xml:22:5-24:47
21        android:name="com.wallora.app.DYNAMIC_RECEIVER_NOT_EXPORTED_PERMISSION"
21-->[androidx.core:core:1.13.1] AndroidManifest.xml:23:9-81
22        android:protectionLevel="signature" />
22-->[androidx.core:core:1.13.1] AndroidManifest.xml:24:9-44
23
24    <uses-permission android:name="com.wallora.app.DYNAMIC_RECEIVER_NOT_EXPORTED_PERMISSION" />
24-->[androidx.core:core:1.13.1] AndroidManifest.xml:26:5-97
24-->[androidx.core:core:1.13.1] AndroidManifest.xml:26:22-94
25
26    <application
26-->src/main/AndroidManifest.xml:11:5-61:19
27        android:name="com.wallora.app.WalloraApp"
27-->src/main/AndroidManifest.xml:12:9-35
28        android:allowBackup="true"
28-->src/main/AndroidManifest.xml:13:9-35
29        android:appComponentFactory="androidx.core.app.CoreComponentFactory"
29-->[androidx.core:core:1.13.1] AndroidManifest.xml:28:18-86
30        android:dataExtractionRules="@xml/data_extraction_rules"
30-->src/main/AndroidManifest.xml:14:9-65
31        android:debuggable="true"
32        android:enableOnBackInvokedCallback="true"
32-->src/main/AndroidManifest.xml:21:9-51
33        android:extractNativeLibs="false"
34        android:fullBackupContent="@xml/backup_rules"
34-->src/main/AndroidManifest.xml:15:9-54
35        android:icon="@mipmap/ic_launcher"
35-->src/main/AndroidManifest.xml:16:9-43
36        android:label="@string/app_name"
36-->src/main/AndroidManifest.xml:17:9-41
37        android:roundIcon="@mipmap/ic_launcher_round"
37-->src/main/AndroidManifest.xml:18:9-54
38        android:supportsRtl="true"
38-->src/main/AndroidManifest.xml:19:9-35
39        android:theme="@style/Theme.Wallora" >
39-->src/main/AndroidManifest.xml:20:9-45
40        <activity
40-->src/main/AndroidManifest.xml:23:9-32:20
41            android:name="com.wallora.app.MainActivity"
41-->src/main/AndroidManifest.xml:24:13-41
42            android:exported="true"
42-->src/main/AndroidManifest.xml:25:13-36
43            android:theme="@style/Theme.Wallora"
43-->src/main/AndroidManifest.xml:27:13-49
44            android:windowSoftInputMode="adjustResize" >
44-->src/main/AndroidManifest.xml:26:13-55
45            <intent-filter>
45-->src/main/AndroidManifest.xml:28:13-31:29
46                <action android:name="android.intent.action.MAIN" />
46-->src/main/AndroidManifest.xml:29:17-69
46-->src/main/AndroidManifest.xml:29:25-66
47
48                <category android:name="android.intent.category.LAUNCHER" />
48-->src/main/AndroidManifest.xml:30:17-77
48-->src/main/AndroidManifest.xml:30:27-74
49            </intent-filter>
50        </activity>
51
52        <!-- WorkManager -->
53        <provider
54            android:name="androidx.startup.InitializationProvider"
54-->src/main/AndroidManifest.xml:36:13-67
55            android:authorities="com.wallora.app.androidx-startup"
55-->src/main/AndroidManifest.xml:37:13-68
56            android:exported="false" >
56-->src/main/AndroidManifest.xml:38:13-37
57            <meta-data
57-->[androidx.emoji2:emoji2:1.3.0] AndroidManifest.xml:29:13-31:52
58                android:name="androidx.emoji2.text.EmojiCompatInitializer"
58-->[androidx.emoji2:emoji2:1.3.0] AndroidManifest.xml:30:17-75
59                android:value="androidx.startup" />
59-->[androidx.emoji2:emoji2:1.3.0] AndroidManifest.xml:31:17-49
60            <meta-data
60-->[androidx.lifecycle:lifecycle-process:2.8.6] AndroidManifest.xml:29:13-31:52
61                android:name="androidx.lifecycle.ProcessLifecycleInitializer"
61-->[androidx.lifecycle:lifecycle-process:2.8.6] AndroidManifest.xml:30:17-78
62                android:value="androidx.startup" />
62-->[androidx.lifecycle:lifecycle-process:2.8.6] AndroidManifest.xml:31:17-49
63            <meta-data
63-->[androidx.profileinstaller:profileinstaller:1.3.1] AndroidManifest.xml:29:13-31:52
64                android:name="androidx.profileinstaller.ProfileInstallerInitializer"
64-->[androidx.profileinstaller:profileinstaller:1.3.1] AndroidManifest.xml:30:17-85
65                android:value="androidx.startup" />
65-->[androidx.profileinstaller:profileinstaller:1.3.1] AndroidManifest.xml:31:17-49
66        </provider>
67
68        <!-- BOOT_COMPLETED receiver for alarm re-registration -->
69        <receiver
69-->src/main/AndroidManifest.xml:47:9-54:20
70            android:name="com.wallora.app.worker.BootReceiver"
70-->src/main/AndroidManifest.xml:48:13-48
71            android:exported="true" >
71-->src/main/AndroidManifest.xml:49:13-36
72            <intent-filter>
72-->src/main/AndroidManifest.xml:50:13-53:29
73                <action android:name="android.intent.action.BOOT_COMPLETED" />
73-->src/main/AndroidManifest.xml:51:17-79
73-->src/main/AndroidManifest.xml:51:25-76
74                <action android:name="android.intent.action.MY_PACKAGE_REPLACED" />
74-->src/main/AndroidManifest.xml:52:17-84
74-->src/main/AndroidManifest.xml:52:25-81
75            </intent-filter>
76        </receiver>
77
78        <!-- Wallpaper rotation alarm receiver -->
79        <receiver
79-->src/main/AndroidManifest.xml:57:9-59:40
80            android:name="com.wallora.app.worker.RotationAlarmReceiver"
80-->src/main/AndroidManifest.xml:58:13-57
81            android:exported="false" />
81-->src/main/AndroidManifest.xml:59:13-37
82
83        <activity
83-->[androidx.glance:glance-appwidget:1.1.0] AndroidManifest.xml:23:9-28:62
84            android:name="androidx.glance.appwidget.action.ActionTrampolineActivity"
84-->[androidx.glance:glance-appwidget:1.1.0] AndroidManifest.xml:24:13-85
85            android:enabled="true"
85-->[androidx.glance:glance-appwidget:1.1.0] AndroidManifest.xml:25:13-35
86            android:excludeFromRecents="true"
86-->[androidx.glance:glance-appwidget:1.1.0] AndroidManifest.xml:26:13-46
87            android:exported="false"
87-->[androidx.glance:glance-appwidget:1.1.0] AndroidManifest.xml:27:13-37
88            android:theme="@android:style/Theme.NoDisplay" />
88-->[androidx.glance:glance-appwidget:1.1.0] AndroidManifest.xml:28:13-59
89        <activity
89-->[androidx.glance:glance-appwidget:1.1.0] AndroidManifest.xml:29:9-36:81
90            android:name="androidx.glance.appwidget.action.InvisibleActionTrampolineActivity"
90-->[androidx.glance:glance-appwidget:1.1.0] AndroidManifest.xml:30:13-94
91            android:enabled="true"
91-->[androidx.glance:glance-appwidget:1.1.0] AndroidManifest.xml:31:13-35
92            android:exported="false"
92-->[androidx.glance:glance-appwidget:1.1.0] AndroidManifest.xml:32:13-37
93            android:launchMode="singleInstance"
93-->[androidx.glance:glance-appwidget:1.1.0] AndroidManifest.xml:33:13-48
94            android:noHistory="true"
94-->[androidx.glance:glance-appwidget:1.1.0] AndroidManifest.xml:34:13-37
95            android:taskAffinity="androidx.glance.appwidget.ListAdapterCallbackTrampoline"
95-->[androidx.glance:glance-appwidget:1.1.0] AndroidManifest.xml:35:13-91
96            android:theme="@style/Widget.Glance.AppWidget.CallbackTrampoline" />
96-->[androidx.glance:glance-appwidget:1.1.0] AndroidManifest.xml:36:13-78
97
98        <receiver
98-->[androidx.glance:glance-appwidget:1.1.0] AndroidManifest.xml:38:9-41:40
99            android:name="androidx.glance.appwidget.action.ActionCallbackBroadcastReceiver"
99-->[androidx.glance:glance-appwidget:1.1.0] AndroidManifest.xml:39:13-92
100            android:enabled="true"
100-->[androidx.glance:glance-appwidget:1.1.0] AndroidManifest.xml:40:13-35
101            android:exported="false" />
101-->[androidx.glance:glance-appwidget:1.1.0] AndroidManifest.xml:41:13-37
102        <receiver
102-->[androidx.glance:glance-appwidget:1.1.0] AndroidManifest.xml:42:9-45:40
103            android:name="androidx.glance.appwidget.UnmanagedSessionReceiver"
103-->[androidx.glance:glance-appwidget:1.1.0] AndroidManifest.xml:43:13-78
104            android:enabled="true"
104-->[androidx.glance:glance-appwidget:1.1.0] AndroidManifest.xml:44:13-35
105            android:exported="false" />
105-->[androidx.glance:glance-appwidget:1.1.0] AndroidManifest.xml:45:13-37
106        <receiver
106-->[androidx.glance:glance-appwidget:1.1.0] AndroidManifest.xml:46:9-53:20
107            android:name="androidx.glance.appwidget.MyPackageReplacedReceiver"
107-->[androidx.glance:glance-appwidget:1.1.0] AndroidManifest.xml:47:13-79
108            android:enabled="true"
108-->[androidx.glance:glance-appwidget:1.1.0] AndroidManifest.xml:48:13-35
109            android:exported="false" >
109-->[androidx.glance:glance-appwidget:1.1.0] AndroidManifest.xml:49:13-37
110            <intent-filter>
110-->[androidx.glance:glance-appwidget:1.1.0] AndroidManifest.xml:50:13-52:29
111                <action android:name="android.intent.action.MY_PACKAGE_REPLACED" />
111-->src/main/AndroidManifest.xml:52:17-84
111-->src/main/AndroidManifest.xml:52:25-81
112            </intent-filter>
113        </receiver>
114
115        <service
115-->[androidx.glance:glance-appwidget:1.1.0] AndroidManifest.xml:55:9-58:72
116            android:name="androidx.glance.appwidget.GlanceRemoteViewsService"
116-->[androidx.glance:glance-appwidget:1.1.0] AndroidManifest.xml:56:13-78
117            android:exported="true"
117-->[androidx.glance:glance-appwidget:1.1.0] AndroidManifest.xml:57:13-36
118            android:permission="android.permission.BIND_REMOTEVIEWS" />
118-->[androidx.glance:glance-appwidget:1.1.0] AndroidManifest.xml:58:13-69
119        <service
119-->[androidx.work:work-runtime:2.9.1] AndroidManifest.xml:39:9-45:35
120            android:name="androidx.work.impl.background.systemalarm.SystemAlarmService"
120-->[androidx.work:work-runtime:2.9.1] AndroidManifest.xml:40:13-88
121            android:directBootAware="false"
121-->[androidx.work:work-runtime:2.9.1] AndroidManifest.xml:41:13-44
122            android:enabled="@bool/enable_system_alarm_service_default"
122-->[androidx.work:work-runtime:2.9.1] AndroidManifest.xml:42:13-72
123            android:exported="false" />
123-->[androidx.work:work-runtime:2.9.1] AndroidManifest.xml:43:13-37
124        <service
124-->[androidx.work:work-runtime:2.9.1] AndroidManifest.xml:46:9-52:35
125            android:name="androidx.work.impl.background.systemjob.SystemJobService"
125-->[androidx.work:work-runtime:2.9.1] AndroidManifest.xml:47:13-84
126            android:directBootAware="false"
126-->[androidx.work:work-runtime:2.9.1] AndroidManifest.xml:48:13-44
127            android:enabled="@bool/enable_system_job_service_default"
127-->[androidx.work:work-runtime:2.9.1] AndroidManifest.xml:49:13-70
128            android:exported="true"
128-->[androidx.work:work-runtime:2.9.1] AndroidManifest.xml:50:13-36
129            android:permission="android.permission.BIND_JOB_SERVICE" />
129-->[androidx.work:work-runtime:2.9.1] AndroidManifest.xml:51:13-69
130        <service
130-->[androidx.work:work-runtime:2.9.1] AndroidManifest.xml:53:9-59:35
131            android:name="androidx.work.impl.foreground.SystemForegroundService"
131-->[androidx.work:work-runtime:2.9.1] AndroidManifest.xml:54:13-81
132            android:directBootAware="false"
132-->[androidx.work:work-runtime:2.9.1] AndroidManifest.xml:55:13-44
133            android:enabled="@bool/enable_system_foreground_service_default"
133-->[androidx.work:work-runtime:2.9.1] AndroidManifest.xml:56:13-77
134            android:exported="false" />
134-->[androidx.work:work-runtime:2.9.1] AndroidManifest.xml:57:13-37
135
136        <receiver
136-->[androidx.work:work-runtime:2.9.1] AndroidManifest.xml:61:9-66:35
137            android:name="androidx.work.impl.utils.ForceStopRunnable$BroadcastReceiver"
137-->[androidx.work:work-runtime:2.9.1] AndroidManifest.xml:62:13-88
138            android:directBootAware="false"
138-->[androidx.work:work-runtime:2.9.1] AndroidManifest.xml:63:13-44
139            android:enabled="true"
139-->[androidx.work:work-runtime:2.9.1] AndroidManifest.xml:64:13-35
140            android:exported="false" />
140-->[androidx.work:work-runtime:2.9.1] AndroidManifest.xml:65:13-37
141        <receiver
141-->[androidx.work:work-runtime:2.9.1] AndroidManifest.xml:67:9-77:20
142            android:name="androidx.work.impl.background.systemalarm.ConstraintProxy$BatteryChargingProxy"
142-->[androidx.work:work-runtime:2.9.1] AndroidManifest.xml:68:13-106
143            android:directBootAware="false"
143-->[androidx.work:work-runtime:2.9.1] AndroidManifest.xml:69:13-44
144            android:enabled="false"
144-->[androidx.work:work-runtime:2.9.1] AndroidManifest.xml:70:13-36
145            android:exported="false" >
145-->[androidx.work:work-runtime:2.9.1] AndroidManifest.xml:71:13-37
146            <intent-filter>
146-->[androidx.work:work-runtime:2.9.1] AndroidManifest.xml:73:13-76:29
147                <action android:name="android.intent.action.ACTION_POWER_CONNECTED" />
147-->[androidx.work:work-runtime:2.9.1] AndroidManifest.xml:74:17-87
147-->[androidx.work:work-runtime:2.9.1] AndroidManifest.xml:74:25-84
148                <action android:name="android.intent.action.ACTION_POWER_DISCONNECTED" />
148-->[androidx.work:work-runtime:2.9.1] AndroidManifest.xml:75:17-90
148-->[androidx.work:work-runtime:2.9.1] AndroidManifest.xml:75:25-87
149            </intent-filter>
150        </receiver>
151        <receiver
151-->[androidx.work:work-runtime:2.9.1] AndroidManifest.xml:78:9-88:20
152            android:name="androidx.work.impl.background.systemalarm.ConstraintProxy$BatteryNotLowProxy"
152-->[androidx.work:work-runtime:2.9.1] AndroidManifest.xml:79:13-104
153            android:directBootAware="false"
153-->[androidx.work:work-runtime:2.9.1] AndroidManifest.xml:80:13-44
154            android:enabled="false"
154-->[androidx.work:work-runtime:2.9.1] AndroidManifest.xml:81:13-36
155            android:exported="false" >
155-->[androidx.work:work-runtime:2.9.1] AndroidManifest.xml:82:13-37
156            <intent-filter>
156-->[androidx.work:work-runtime:2.9.1] AndroidManifest.xml:84:13-87:29
157                <action android:name="android.intent.action.BATTERY_OKAY" />
157-->[androidx.work:work-runtime:2.9.1] AndroidManifest.xml:85:17-77
157-->[androidx.work:work-runtime:2.9.1] AndroidManifest.xml:85:25-74
158                <action android:name="android.intent.action.BATTERY_LOW" />
158-->[androidx.work:work-runtime:2.9.1] AndroidManifest.xml:86:17-76
158-->[androidx.work:work-runtime:2.9.1] AndroidManifest.xml:86:25-73
159            </intent-filter>
160        </receiver>
161        <receiver
161-->[androidx.work:work-runtime:2.9.1] AndroidManifest.xml:89:9-99:20
162            android:name="androidx.work.impl.background.systemalarm.ConstraintProxy$StorageNotLowProxy"
162-->[androidx.work:work-runtime:2.9.1] AndroidManifest.xml:90:13-104
163            android:directBootAware="false"
163-->[androidx.work:work-runtime:2.9.1] AndroidManifest.xml:91:13-44
164            android:enabled="false"
164-->[androidx.work:work-runtime:2.9.1] AndroidManifest.xml:92:13-36
165            android:exported="false" >
165-->[androidx.work:work-runtime:2.9.1] AndroidManifest.xml:93:13-37
166            <intent-filter>
166-->[androidx.work:work-runtime:2.9.1] AndroidManifest.xml:95:13-98:29
167                <action android:name="android.intent.action.DEVICE_STORAGE_LOW" />
167-->[androidx.work:work-runtime:2.9.1] AndroidManifest.xml:96:17-83
167-->[androidx.work:work-runtime:2.9.1] AndroidManifest.xml:96:25-80
168                <action android:name="android.intent.action.DEVICE_STORAGE_OK" />
168-->[androidx.work:work-runtime:2.9.1] AndroidManifest.xml:97:17-82
168-->[androidx.work:work-runtime:2.9.1] AndroidManifest.xml:97:25-79
169            </intent-filter>
170        </receiver>
171        <receiver
171-->[androidx.work:work-runtime:2.9.1] AndroidManifest.xml:100:9-109:20
172            android:name="androidx.work.impl.background.systemalarm.ConstraintProxy$NetworkStateProxy"
172-->[androidx.work:work-runtime:2.9.1] AndroidManifest.xml:101:13-103
173            android:directBootAware="false"
173-->[androidx.work:work-runtime:2.9.1] AndroidManifest.xml:102:13-44
174            android:enabled="false"
174-->[androidx.work:work-runtime:2.9.1] AndroidManifest.xml:103:13-36
175            android:exported="false" >
175-->[androidx.work:work-runtime:2.9.1] AndroidManifest.xml:104:13-37
176            <intent-filter>
176-->[androidx.work:work-runtime:2.9.1] AndroidManifest.xml:106:13-108:29
177                <action android:name="android.net.conn.CONNECTIVITY_CHANGE" />
177-->[androidx.work:work-runtime:2.9.1] AndroidManifest.xml:107:17-79
177-->[androidx.work:work-runtime:2.9.1] AndroidManifest.xml:107:25-76
178            </intent-filter>
179        </receiver>
180        <receiver
180-->[androidx.work:work-runtime:2.9.1] AndroidManifest.xml:110:9-121:20
181            android:name="androidx.work.impl.background.systemalarm.RescheduleReceiver"
181-->[androidx.work:work-runtime:2.9.1] AndroidManifest.xml:111:13-88
182            android:directBootAware="false"
182-->[androidx.work:work-runtime:2.9.1] AndroidManifest.xml:112:13-44
183            android:enabled="false"
183-->[androidx.work:work-runtime:2.9.1] AndroidManifest.xml:113:13-36
184            android:exported="false" >
184-->[androidx.work:work-runtime:2.9.1] AndroidManifest.xml:114:13-37
185            <intent-filter>
185-->[androidx.work:work-runtime:2.9.1] AndroidManifest.xml:116:13-120:29
186                <action android:name="android.intent.action.BOOT_COMPLETED" />
186-->src/main/AndroidManifest.xml:51:17-79
186-->src/main/AndroidManifest.xml:51:25-76
187                <action android:name="android.intent.action.TIME_SET" />
187-->[androidx.work:work-runtime:2.9.1] AndroidManifest.xml:118:17-73
187-->[androidx.work:work-runtime:2.9.1] AndroidManifest.xml:118:25-70
188                <action android:name="android.intent.action.TIMEZONE_CHANGED" />
188-->[androidx.work:work-runtime:2.9.1] AndroidManifest.xml:119:17-81
188-->[androidx.work:work-runtime:2.9.1] AndroidManifest.xml:119:25-78
189            </intent-filter>
190        </receiver>
191        <receiver
191-->[androidx.work:work-runtime:2.9.1] AndroidManifest.xml:122:9-131:20
192            android:name="androidx.work.impl.background.systemalarm.ConstraintProxyUpdateReceiver"
192-->[androidx.work:work-runtime:2.9.1] AndroidManifest.xml:123:13-99
193            android:directBootAware="false"
193-->[androidx.work:work-runtime:2.9.1] AndroidManifest.xml:124:13-44
194            android:enabled="@bool/enable_system_alarm_service_default"
194-->[androidx.work:work-runtime:2.9.1] AndroidManifest.xml:125:13-72
195            android:exported="false" >
195-->[androidx.work:work-runtime:2.9.1] AndroidManifest.xml:126:13-37
196            <intent-filter>
196-->[androidx.work:work-runtime:2.9.1] AndroidManifest.xml:128:13-130:29
197                <action android:name="androidx.work.impl.background.systemalarm.UpdateProxies" />
197-->[androidx.work:work-runtime:2.9.1] AndroidManifest.xml:129:17-98
197-->[androidx.work:work-runtime:2.9.1] AndroidManifest.xml:129:25-95
198            </intent-filter>
199        </receiver>
200        <receiver
200-->[androidx.work:work-runtime:2.9.1] AndroidManifest.xml:132:9-142:20
201            android:name="androidx.work.impl.diagnostics.DiagnosticsReceiver"
201-->[androidx.work:work-runtime:2.9.1] AndroidManifest.xml:133:13-78
202            android:directBootAware="false"
202-->[androidx.work:work-runtime:2.9.1] AndroidManifest.xml:134:13-44
203            android:enabled="true"
203-->[androidx.work:work-runtime:2.9.1] AndroidManifest.xml:135:13-35
204            android:exported="true"
204-->[androidx.work:work-runtime:2.9.1] AndroidManifest.xml:136:13-36
205            android:permission="android.permission.DUMP" >
205-->[androidx.work:work-runtime:2.9.1] AndroidManifest.xml:137:13-57
206            <intent-filter>
206-->[androidx.work:work-runtime:2.9.1] AndroidManifest.xml:139:13-141:29
207                <action android:name="androidx.work.diagnostics.REQUEST_DIAGNOSTICS" />
207-->[androidx.work:work-runtime:2.9.1] AndroidManifest.xml:140:17-88
207-->[androidx.work:work-runtime:2.9.1] AndroidManifest.xml:140:25-85
208            </intent-filter>
209        </receiver>
210
211        <service
211-->[androidx.room:room-runtime:2.6.1] AndroidManifest.xml:24:9-28:63
212            android:name="androidx.room.MultiInstanceInvalidationService"
212-->[androidx.room:room-runtime:2.6.1] AndroidManifest.xml:25:13-74
213            android:directBootAware="true"
213-->[androidx.room:room-runtime:2.6.1] AndroidManifest.xml:26:13-43
214            android:exported="false" />
214-->[androidx.room:room-runtime:2.6.1] AndroidManifest.xml:27:13-37
215        <service
215-->[androidx.core:core-remoteviews:1.1.0] AndroidManifest.xml:24:9-27:63
216            android:name="androidx.core.widget.RemoteViewsCompatService"
216-->[androidx.core:core-remoteviews:1.1.0] AndroidManifest.xml:25:13-73
217            android:permission="android.permission.BIND_REMOTEVIEWS" />
217-->[androidx.core:core-remoteviews:1.1.0] AndroidManifest.xml:26:13-69
218
219        <activity
219-->[androidx.compose.ui:ui-test-manifest:1.7.3] AndroidManifest.xml:23:9-25:39
220            android:name="androidx.activity.ComponentActivity"
220-->[androidx.compose.ui:ui-test-manifest:1.7.3] AndroidManifest.xml:24:13-63
221            android:exported="true" />
221-->[androidx.compose.ui:ui-test-manifest:1.7.3] AndroidManifest.xml:25:13-36
222        <activity
222-->[androidx.compose.ui:ui-tooling-android:1.7.3] AndroidManifest.xml:23:9-25:39
223            android:name="androidx.compose.ui.tooling.PreviewActivity"
223-->[androidx.compose.ui:ui-tooling-android:1.7.3] AndroidManifest.xml:24:13-71
224            android:exported="true" />
224-->[androidx.compose.ui:ui-tooling-android:1.7.3] AndroidManifest.xml:25:13-36
225
226        <uses-library
226-->[androidx.window:window:1.3.0] AndroidManifest.xml:23:9-25:40
227            android:name="androidx.window.extensions"
227-->[androidx.window:window:1.3.0] AndroidManifest.xml:24:13-54
228            android:required="false" />
228-->[androidx.window:window:1.3.0] AndroidManifest.xml:25:13-37
229        <uses-library
229-->[androidx.window:window:1.3.0] AndroidManifest.xml:26:9-28:40
230            android:name="androidx.window.sidecar"
230-->[androidx.window:window:1.3.0] AndroidManifest.xml:27:13-51
231            android:required="false" />
231-->[androidx.window:window:1.3.0] AndroidManifest.xml:28:13-37
232
233        <receiver
233-->[androidx.profileinstaller:profileinstaller:1.3.1] AndroidManifest.xml:34:9-52:20
234            android:name="androidx.profileinstaller.ProfileInstallReceiver"
234-->[androidx.profileinstaller:profileinstaller:1.3.1] AndroidManifest.xml:35:13-76
235            android:directBootAware="false"
235-->[androidx.profileinstaller:profileinstaller:1.3.1] AndroidManifest.xml:36:13-44
236            android:enabled="true"
236-->[androidx.profileinstaller:profileinstaller:1.3.1] AndroidManifest.xml:37:13-35
237            android:exported="true"
237-->[androidx.profileinstaller:profileinstaller:1.3.1] AndroidManifest.xml:38:13-36
238            android:permission="android.permission.DUMP" >
238-->[androidx.profileinstaller:profileinstaller:1.3.1] AndroidManifest.xml:39:13-57
239            <intent-filter>
239-->[androidx.profileinstaller:profileinstaller:1.3.1] AndroidManifest.xml:40:13-42:29
240                <action android:name="androidx.profileinstaller.action.INSTALL_PROFILE" />
240-->[androidx.profileinstaller:profileinstaller:1.3.1] AndroidManifest.xml:41:17-91
240-->[androidx.profileinstaller:profileinstaller:1.3.1] AndroidManifest.xml:41:25-88
241            </intent-filter>
242            <intent-filter>
242-->[androidx.profileinstaller:profileinstaller:1.3.1] AndroidManifest.xml:43:13-45:29
243                <action android:name="androidx.profileinstaller.action.SKIP_FILE" />
243-->[androidx.profileinstaller:profileinstaller:1.3.1] AndroidManifest.xml:44:17-85
243-->[androidx.profileinstaller:profileinstaller:1.3.1] AndroidManifest.xml:44:25-82
244            </intent-filter>
245            <intent-filter>
245-->[androidx.profileinstaller:profileinstaller:1.3.1] AndroidManifest.xml:46:13-48:29
246                <action android:name="androidx.profileinstaller.action.SAVE_PROFILE" />
246-->[androidx.profileinstaller:profileinstaller:1.3.1] AndroidManifest.xml:47:17-88
246-->[androidx.profileinstaller:profileinstaller:1.3.1] AndroidManifest.xml:47:25-85
247            </intent-filter>
248            <intent-filter>
248-->[androidx.profileinstaller:profileinstaller:1.3.1] AndroidManifest.xml:49:13-51:29
249                <action android:name="androidx.profileinstaller.action.BENCHMARK_OPERATION" />
249-->[androidx.profileinstaller:profileinstaller:1.3.1] AndroidManifest.xml:50:17-95
249-->[androidx.profileinstaller:profileinstaller:1.3.1] AndroidManifest.xml:50:25-92
250            </intent-filter>
251        </receiver>
252    </application>
253
254</manifest>